[16:23:02] Begin /pi-gen
[16:23:02] Begin /pi-gen/stage0
[16:23:03] Begin /pi-gen/stage0/prerun.sh
[16:27:33] End /pi-gen/stage0/prerun.sh
[16:27:33] Begin /pi-gen/stage0/00-configure-apt
[16:27:33] Begin /pi-gen/stage0/00-configure-apt/00-run.sh
[16:28:49] End /pi-gen/stage0/00-configure-apt/00-run.sh
[16:28:49] Begin /pi-gen/stage0/00-configure-apt/01-packages
[16:29:03] End /pi-gen/stage0/00-configure-apt/01-packages
[16:29:03] End /pi-gen/stage0/00-configure-apt
[16:29:03] Begin /pi-gen/stage0/01-locale
[16:29:03] Begin /pi-gen/stage0/01-locale/00-debconf
[16:29:06] End /pi-gen/stage0/01-locale/00-debconf
[16:29:06] Begin /pi-gen/stage0/01-locale/00-packages
[16:30:13] End /pi-gen/stage0/01-locale/00-packages
[16:30:13] End /pi-gen/stage0/01-locale
[16:30:13] Begin /pi-gen/stage0/02-firmware
[16:30:13] Begin /pi-gen/stage0/02-firmware/01-packages
[16:35:15] End /pi-gen/stage0/02-firmware/01-packages
[16:35:15] Begin /pi-gen/stage0/02-firmware/02-run.sh
[16:35:15] End /pi-gen/stage0/02-firmware/02-run.sh
[16:35:15] End /pi-gen/stage0/02-firmware
[16:35:15] Begin /pi-gen/stage0/files
[16:35:15] End /pi-gen/stage0/files
[16:35:15] End /pi-gen/stage0
[16:35:15] Begin /pi-gen/stage1
[16:35:15] Begin /pi-gen/stage1/prerun.sh
[16:35:18] End /pi-gen/stage1/prerun.sh
[16:35:18] Begin /pi-gen/stage1/00-boot-files
[16:35:18] Begin /pi-gen/stage1/00-boot-files/00-run.sh
[16:35:18] End /pi-gen/stage1/00-boot-files/00-run.sh
[16:35:18] End /pi-gen/stage1/00-boot-files
[16:35:18] Begin /pi-gen/stage1/01-sys-tweaks
[16:35:19] Begin /pi-gen/stage1/01-sys-tweaks/00-packages
[16:36:04] End /pi-gen/stage1/01-sys-tweaks/00-packages
[16:36:04] Begin /pi-gen/stage1/01-sys-tweaks/00-patches
[16:36:04] End /pi-gen/stage1/01-sys-tweaks/00-patches
[16:36:04] Begin /pi-gen/stage1/01-sys-tweaks/00-run.sh
[16:36:07] End /pi-gen/stage1/01-sys-tweaks/00-run.sh
[16:36:07] End /pi-gen/stage1/01-sys-tweaks
[16:36:07] Begin /pi-gen/stage1/02-net-tweaks
[16:36:07] Begin /pi-gen/stage1/02-net-tweaks/00-packages
[16:36:16] End /pi-gen/stage1/02-net-tweaks/00-packages
[16:36:16] Begin /pi-gen/stage1/02-net-tweaks/00-run.sh
[16:36:16] End /pi-gen/stage1/02-net-tweaks/00-run.sh
[16:36:16] End /pi-gen/stage1/02-net-tweaks
[16:36:16] Begin /pi-gen/stage1/03-install-packages
[16:36:16] Begin /pi-gen/stage1/03-install-packages/00-packages
[16:36:39] End /pi-gen/stage1/03-install-packages/00-packages
[16:36:39] End /pi-gen/stage1/03-install-packages
[16:36:39] End /pi-gen/stage1
[16:36:39] Begin /pi-gen/stage2
[16:36:39] Begin /pi-gen/stage2/prerun.sh
[16:36:42] End /pi-gen/stage2/prerun.sh
[16:36:42] Begin /pi-gen/stage2/01-sys-tweaks
[16:36:42] Begin /pi-gen/stage2/01-sys-tweaks/00-debconf
[16:36:45] End /pi-gen/stage2/01-sys-tweaks/00-debconf
[16:36:45] Begin /pi-gen/stage2/01-sys-tweaks/00-packages-nr
[16:38:35] End /pi-gen/stage2/01-sys-tweaks/00-packages-nr
[16:38:35] Begin /pi-gen/stage2/01-sys-tweaks/00-packages
[16:48:22] End /pi-gen/stage2/01-sys-tweaks/00-packages
[16:48:22] Begin /pi-gen/stage2/01-sys-tweaks/00-patches
[16:48:22] End /pi-gen/stage2/01-sys-tweaks/00-patches
[16:48:22] Begin /pi-gen/stage2/01-sys-tweaks/01-run.sh
[16:49:28] End /pi-gen/stage2/01-sys-tweaks/01-run.sh
[16:49:28] End /pi-gen/stage2/01-sys-tweaks
[16:49:28] Begin /pi-gen/stage2/02-net-tweaks
[16:49:28] Begin /pi-gen/stage2/02-net-tweaks/00-packages
[16:50:19] End /pi-gen/stage2/02-net-tweaks/00-packages
[16:50:19] Begin /pi-gen/stage2/02-net-tweaks/01-run.sh
[16:50:19] End /pi-gen/stage2/02-net-tweaks/01-run.sh
[16:50:19] End /pi-gen/stage2/02-net-tweaks
[16:50:19] Begin /pi-gen/stage2/03-accept-mathematica-eula
[16:50:19] Begin /pi-gen/stage2/03-accept-mathematica-eula/00-debconf
[16:50:23] End /pi-gen/stage2/03-accept-mathematica-eula/00-debconf
[16:50:23] End /pi-gen/stage2/03-accept-mathematica-eula
[16:50:23] Begin /pi-gen/stage2/03-set-timezone
[16:50:23] Begin /pi-gen/stage2/03-set-timezone/02-run.sh
[16:50:29] End /pi-gen/stage2/03-set-timezone/02-run.sh
[16:50:29] End /pi-gen/stage2/03-set-timezone
[16:50:29] Begin /pi-gen/stage2/04-cloud-init
[16:50:29] Begin /pi-gen/stage2/04-cloud-init/00-packages
[16:53:39] End /pi-gen/stage2/04-cloud-init/00-packages
[16:53:39] Begin /pi-gen/stage2/04-cloud-init/01-run.sh
[16:53:39] End /pi-gen/stage2/04-cloud-init/01-run.sh
[16:53:39] End /pi-gen/stage2/04-cloud-init
[16:53:39] End /pi-gen/stage2
[16:53:39] Begin /ourbox/pigen/stages/stage-ourbox-mini
[16:53:39] Begin /ourbox/pigen/stages/stage-ourbox-mini/prerun.sh
[16:53:45] End /ourbox/pigen/stages/stage-ourbox-mini/prerun.sh
[16:53:45] Begin /ourbox/pigen/stages/stage-ourbox-mini/00-ourbox-contract
[16:53:45] Begin /ourbox/pigen/stages/stage-ourbox-mini/00-ourbox-contract/00-run.sh
[16:53:45] End /ourbox/pigen/stages/stage-ourbox-mini/00-ourbox-contract/00-run.sh
[16:53:45] End /ourbox/pigen/stages/stage-ourbox-mini/00-ourbox-contract
[16:53:45] Begin /ourbox/pigen/stages/stage-ourbox-mini/01-storage-contract
[16:53:45] Begin /ourbox/pigen/stages/stage-ourbox-mini/01-storage-contract/00-run.sh
[16:53:46] End /ourbox/pigen/stages/stage-ourbox-mini/01-storage-contract/00-run.sh
[16:53:46] Begin /ourbox/pigen/stages/stage-ourbox-mini/01-storage-contract/01-run-chroot.sh
[16:53:46] End /ourbox/pigen/stages/stage-ourbox-mini/01-storage-contract/01-run-chroot.sh
[16:53:46] End /ourbox/pigen/stages/stage-ourbox-mini/01-storage-contract
[16:53:46] End /ourbox/pigen/stages/stage-ourbox-mini
[16:53:46] Begin /pi-gen/export-image
[16:53:46] Begin /pi-gen/export-image/prerun.sh
[16:54:00] End /pi-gen/export-image/prerun.sh
[16:54:00] Begin /pi-gen/export-image/00-allow-rerun
[16:54:00] Begin /pi-gen/export-image/00-allow-rerun/00-run.sh
[16:54:00] End /pi-gen/export-image/00-allow-rerun/00-run.sh
[16:54:00] End /pi-gen/export-image/00-allow-rerun
[16:54:00] Begin /pi-gen/export-image/01-user-rename
[16:54:00] Begin /pi-gen/export-image/01-user-rename/00-packages
[16:54:10] End /pi-gen/export-image/01-user-rename/00-packages
[16:54:10] Begin /pi-gen/export-image/01-user-rename/01-run.sh
[16:54:13] End /pi-gen/export-image/01-user-rename/01-run.sh
[16:54:13] End /pi-gen/export-image/01-user-rename
[16:54:13] Begin /pi-gen/export-image/02-set-sources
[16:54:13] Begin /pi-gen/export-image/02-set-sources/01-run.sh
[16:55:16] End /pi-gen/export-image/02-set-sources/01-run.sh
[16:55:16] End /pi-gen/export-image/02-set-sources
[16:55:16] Begin /pi-gen/export-image/03-network
[16:55:16] Begin /pi-gen/export-image/03-network/01-run.sh
[16:55:16] End /pi-gen/export-image/03-network/01-run.sh
[16:55:16] End /pi-gen/export-image/03-network
[16:55:16] Begin /pi-gen/export-image/04-set-partuuid
[16:55:16] Begin /pi-gen/export-image/04-set-partuuid/00-run.sh
[16:55:16] End /pi-gen/export-image/04-set-partuuid/00-run.sh
[16:55:16] End /pi-gen/export-image/04-set-partuuid
[16:55:16] Begin /pi-gen/export-image/05-finalise
[16:55:16] Begin /pi-gen/export-image/05-finalise/01-run.sh
[17:03:43] End /pi-gen/export-image/05-finalise/01-run.sh
[17:03:43] End /pi-gen/export-image/05-finalise
[17:03:43] End /pi-gen/export-image
[17:03:43] End /pi-gen
[17:03:43] Build finished
